<?xml version="1.0" encoding="UTF-8"?>
<!-- Generated by org.testng.reporters.JUnitReportReporter -->
<testsuite skipped="0" hostname="DESKTOP-R0SAI53" name="TechVerit.com.tech.App" tests="1" failures="0" timestamp="2022-04-10T07:51:30 IST" time="62.564" errors="0">
  <testcase name="OpenBrowser" time="62.564" classname="TechVerit.com.tech.App"/>
  <system-out/>
</testsuite> <!-- TechVerit.com.tech.App -->
